2022/09/30 21:37:26 [notice] 1#1: using the "epoll" event method
2022/09/30 21:37:26 [notice] 1#1: nginx/1.23.1
2022/09/30 21:37:26 [notice] 1#1: built by gcc 10.2.1 20210110 (Debian 10.2.1-6) 
2022/09/30 21:37:26 [notice] 1#1: OS: Linux 5.15.0-48-generic
2022/09/30 21:37:26 [notice] 1#1: getrlimit(RLIMIT_NOFILE): 1048576:1048576
2022/09/30 21:37:26 [notice] 1#1: start worker processes
2022/09/30 21:37:26 [notice] 1#1: start worker process 22
2022/09/30 21:37:26 [notice] 1#1: start worker process 23
2022/09/30 21:37:26 [notice] 1#1: start worker process 24
2022/09/30 21:37:26 [notice] 1#1: start worker process 25
2022/09/30 21:37:26 [notice] 1#1: start worker process 26
2022/09/30 21:37:26 [notice] 1#1: start worker process 27
2022/09/30 21:37:26 [notice] 1#1: start worker process 28
2022/09/30 21:37:26 [notice] 1#1: start worker process 29
2022/09/30 21:37:26 [notice] 1#1: start worker process 30
2022/09/30 21:37:26 [notice] 1#1: start worker process 31
2022/09/30 21:37:26 [notice] 1#1: start worker process 32
2022/09/30 21:37:26 [notice] 1#1: start worker process 33
2022/09/30 21:47:16 [notice] 1#1: signal 3 (SIGQUIT) received, shutting down
2022/09/30 21:47:16 [notice] 22#22: gracefully shutting down
2022/09/30 21:47:16 [notice] 23#23: gracefully shutting down
2022/09/30 21:47:16 [notice] 24#24: gracefully shutting down
2022/09/30 21:47:16 [notice] 25#25: gracefully shutting down
2022/09/30 21:47:16 [notice] 26#26: gracefully shutting down
2022/09/30 21:47:16 [notice] 27#27: gracefully shutting down
2022/09/30 21:47:16 [notice] 28#28: gracefully shutting down
2022/09/30 21:47:16 [notice] 22#22: exiting
2022/09/30 21:47:16 [notice] 29#29: gracefully shutting down
2022/09/30 21:47:16 [notice] 23#23: exiting
2022/09/30 21:47:16 [notice] 30#30: gracefully shutting down
2022/09/30 21:47:16 [notice] 24#24: exiting
2022/09/30 21:47:16 [notice] 32#32: gracefully shutting down
2022/09/30 21:47:16 [notice] 25#25: exiting
2022/09/30 21:47:16 [notice] 26#26: exiting
2022/09/30 21:47:16 [notice] 27#27: exiting
2022/09/30 21:47:16 [notice] 28#28: exiting
2022/09/30 21:47:16 [notice] 31#31: gracefully shutting down
2022/09/30 21:47:16 [notice] 29#29: exiting
2022/09/30 21:47:16 [notice] 30#30: exiting
2022/09/30 21:47:16 [notice] 22#22: exit
2022/09/30 21:47:16 [notice] 23#23: exit
2022/09/30 21:47:16 [notice] 32#32: exiting
2022/09/30 21:47:16 [notice] 24#24: exit
2022/09/30 21:47:16 [notice] 31#31: exiting
2022/09/30 21:47:16 [notice] 25#25: exit
2022/09/30 21:47:16 [notice] 26#26: exit
2022/09/30 21:47:16 [notice] 28#28: exit
2022/09/30 21:47:16 [notice] 27#27: exit
2022/09/30 21:47:16 [notice] 29#29: exit
2022/09/30 21:47:16 [notice] 30#30: exit
2022/09/30 21:47:16 [notice] 32#32: exit
2022/09/30 21:47:16 [notice] 31#31: exit
2022/09/30 21:47:16 [notice] 33#33: gracefully shutting down
2022/09/30 21:47:16 [notice] 33#33: exiting
2022/09/30 21:47:16 [notice] 33#33: exit
2022/09/30 21:47:16 [notice] 1#1: signal 17 (SIGCHLD) received from 24
2022/09/30 21:47:16 [notice] 1#1: worker process 24 exited with code 0
2022/09/30 21:47:16 [notice] 1#1: signal 29 (SIGIO) received
2022/09/30 21:47:16 [notice] 1#1: signal 17 (SIGCHLD) received from 33
2022/09/30 21:47:16 [notice] 1#1: worker process 33 exited with code 0
2022/09/30 21:47:16 [notice] 1#1: worker process 26 exited with code 0
2022/09/30 21:47:16 [notice] 1#1: worker process 31 exited with code 0
2022/09/30 21:47:16 [notice] 1#1: signal 29 (SIGIO) received
2022/09/30 21:47:16 [notice] 1#1: signal 17 (SIGCHLD) received from 26
2022/09/30 21:47:16 [notice] 1#1: signal 17 (SIGCHLD) received from 30
2022/09/30 21:47:16 [notice] 1#1: worker process 30 exited with code 0
2022/09/30 21:47:16 [notice] 1#1: worker process 27 exited with code 0
2022/09/30 21:47:16 [notice] 1#1: signal 29 (SIGIO) received
2022/09/30 21:47:16 [notice] 1#1: signal 17 (SIGCHLD) received from 27
2022/09/30 21:47:16 [notice] 1#1: signal 17 (SIGCHLD) received from 28
2022/09/30 21:47:16 [notice] 1#1: worker process 22 exited with code 0
2022/09/30 21:47:16 [notice] 1#1: worker process 25 exited with code 0
2022/09/30 21:47:16 [notice] 1#1: worker process 28 exited with code 0
2022/09/30 21:47:16 [notice] 1#1: signal 29 (SIGIO) received
2022/09/30 21:47:16 [notice] 1#1: signal 17 (SIGCHLD) received from 22
2022/09/30 21:47:17 [notice] 1#1: signal 17 (SIGCHLD) received from 32
2022/09/30 21:47:17 [notice] 1#1: worker process 32 exited with code 0
2022/09/30 21:47:17 [notice] 1#1: signal 29 (SIGIO) received
2022/09/30 21:47:17 [notice] 1#1: signal 17 (SIGCHLD) received from 29
2022/09/30 21:47:17 [notice] 1#1: worker process 29 exited with code 0
2022/09/30 21:47:17 [notice] 1#1: signal 17 (SIGCHLD) received from 23
2022/09/30 21:47:17 [notice] 1#1: worker process 23 exited with code 0
2022/09/30 21:47:17 [notice] 1#1: exit
2022/09/30 21:47:24 [notice] 1#1: using the "epoll" event method
2022/09/30 21:47:24 [notice] 1#1: nginx/1.23.1
2022/09/30 21:47:24 [notice] 1#1: built by gcc 10.2.1 20210110 (Debian 10.2.1-6) 
2022/09/30 21:47:24 [notice] 1#1: OS: Linux 5.15.0-48-generic
2022/09/30 21:47:24 [notice] 1#1: getrlimit(RLIMIT_NOFILE): 1048576:1048576
2022/09/30 21:47:24 [notice] 1#1: start worker processes
2022/09/30 21:47:24 [notice] 1#1: start worker process 22
2022/09/30 21:47:24 [notice] 1#1: start worker process 23
2022/09/30 21:47:24 [notice] 1#1: start worker process 24
2022/09/30 21:47:24 [notice] 1#1: start worker process 25
2022/09/30 21:47:24 [notice] 1#1: start worker process 26
2022/09/30 21:47:24 [notice] 1#1: start worker process 27
2022/09/30 21:47:24 [notice] 1#1: start worker process 28
2022/09/30 21:47:24 [notice] 1#1: start worker process 29
2022/09/30 21:47:24 [notice] 1#1: start worker process 30
2022/09/30 21:47:24 [notice] 1#1: start worker process 31
2022/09/30 21:47:24 [notice] 1#1: start worker process 32
2022/09/30 21:47:24 [notice] 1#1: start worker process 33
2022/09/30 21:56:11 [notice] 1#1: signal 3 (SIGQUIT) received, shutting down
2022/09/30 21:56:11 [notice] 22#22: gracefully shutting down
2022/09/30 21:56:11 [notice] 23#23: gracefully shutting down
2022/09/30 21:56:11 [notice] 24#24: gracefully shutting down
2022/09/30 21:56:11 [notice] 25#25: gracefully shutting down
2022/09/30 21:56:11 [notice] 26#26: gracefully shutting down
2022/09/30 21:56:11 [notice] 27#27: gracefully shutting down
2022/09/30 21:56:11 [notice] 28#28: gracefully shutting down
2022/09/30 21:56:11 [notice] 29#29: gracefully shutting down
2022/09/30 21:56:11 [notice] 22#22: exiting
2022/09/30 21:56:11 [notice] 33#33: gracefully shutting down
2022/09/30 21:56:11 [notice] 24#24: exiting
2022/09/30 21:56:11 [notice] 31#31: gracefully shutting down
2022/09/30 21:56:11 [notice] 26#26: exiting
2022/09/30 21:56:11 [notice] 27#27: exiting
2022/09/30 21:56:11 [notice] 25#25: exiting
2022/09/30 21:56:11 [notice] 30#30: gracefully shutting down
2022/09/30 21:56:11 [notice] 28#28: exiting
2022/09/30 21:56:11 [notice] 29#29: exiting
2022/09/30 21:56:11 [notice] 23#23: exiting
2022/09/30 21:56:11 [notice] 33#33: exiting
2022/09/30 21:56:11 [notice] 31#31: exiting
2022/09/30 21:56:11 [notice] 22#22: exit
2022/09/30 21:56:11 [notice] 24#24: exit
2022/09/30 21:56:11 [notice] 30#30: exiting
2022/09/30 21:56:11 [notice] 26#26: exit
2022/09/30 21:56:11 [notice] 27#27: exit
2022/09/30 21:56:11 [notice] 25#25: exit
2022/09/30 21:56:11 [notice] 29#29: exit
2022/09/30 21:56:11 [notice] 28#28: exit
2022/09/30 21:56:11 [notice] 23#23: exit
2022/09/30 21:56:11 [notice] 31#31: exit
2022/09/30 21:56:11 [notice] 33#33: exit
2022/09/30 21:56:11 [notice] 30#30: exit
2022/09/30 21:56:11 [notice] 32#32: gracefully shutting down
2022/09/30 21:56:11 [notice] 32#32: exiting
2022/09/30 21:56:11 [notice] 32#32: exit
2022/09/30 21:56:11 [notice] 1#1: signal 17 (SIGCHLD) received from 24
2022/09/30 21:56:11 [notice] 1#1: worker process 24 exited with code 0
2022/09/30 21:56:11 [notice] 1#1: worker process 28 exited with code 0
2022/09/30 21:56:11 [notice] 1#1: signal 29 (SIGIO) received
2022/09/30 21:56:11 [notice] 1#1: signal 17 (SIGCHLD) received from 33
2022/09/30 21:56:11 [notice] 1#1: worker process 25 exited with code 0
2022/09/30 21:56:11 [notice] 1#1: worker process 33 exited with code 0
2022/09/30 21:56:11 [notice] 1#1: signal 29 (SIGIO) received
2022/09/30 21:56:11 [notice] 1#1: signal 17 (SIGCHLD) received from 25
2022/09/30 21:56:11 [notice] 1#1: signal 17 (SIGCHLD) received from 26
2022/09/30 21:56:11 [notice] 1#1: worker process 26 exited with code 0
2022/09/30 21:56:11 [notice] 1#1: signal 29 (SIGIO) received
2022/09/30 21:56:11 [notice] 1#1: signal 17 (SIGCHLD) received from 31
2022/09/30 21:56:11 [notice] 1#1: worker process 31 exited with code 0
2022/09/30 21:56:11 [notice] 1#1: signal 29 (SIGIO) received
2022/09/30 21:56:11 [notice] 1#1: signal 17 (SIGCHLD) received from 23
2022/09/30 21:56:11 [notice] 1#1: worker process 23 exited with code 0
2022/09/30 21:56:11 [notice] 1#1: worker process 29 exited with code 0
2022/09/30 21:56:11 [notice] 1#1: signal 29 (SIGIO) received
2022/09/30 21:56:11 [notice] 1#1: signal 17 (SIGCHLD) received from 29
2022/09/30 21:56:11 [notice] 1#1: signal 17 (SIGCHLD) received from 22
2022/09/30 21:56:11 [notice] 1#1: worker process 22 exited with code 0
2022/09/30 21:56:11 [notice] 1#1: worker process 27 exited with code 0
2022/09/30 21:56:11 [notice] 1#1: worker process 30 exited with code 0
2022/09/30 21:56:11 [notice] 1#1: signal 29 (SIGIO) received
2022/09/30 21:56:11 [notice] 1#1: signal 17 (SIGCHLD) received from 30
2022/09/30 21:56:11 [notice] 1#1: signal 17 (SIGCHLD) received from 32
2022/09/30 21:56:11 [notice] 1#1: worker process 32 exited with code 0
2022/09/30 21:56:11 [notice] 1#1: exit
2022/09/30 21:56:19 [notice] 1#1: using the "epoll" event method
2022/09/30 21:56:19 [notice] 1#1: nginx/1.23.1
2022/09/30 21:56:19 [notice] 1#1: built by gcc 10.2.1 20210110 (Debian 10.2.1-6) 
2022/09/30 21:56:19 [notice] 1#1: OS: Linux 5.15.0-48-generic
2022/09/30 21:56:19 [notice] 1#1: getrlimit(RLIMIT_NOFILE): 1048576:1048576
2022/09/30 21:56:19 [notice] 1#1: start worker processes
2022/09/30 21:56:19 [notice] 1#1: start worker process 22
2022/09/30 21:56:19 [notice] 1#1: start worker process 23
2022/09/30 21:56:19 [notice] 1#1: start worker process 24
2022/09/30 21:56:19 [notice] 1#1: start worker process 25
2022/09/30 21:56:19 [notice] 1#1: start worker process 26
2022/09/30 21:56:19 [notice] 1#1: start worker process 27
2022/09/30 21:56:19 [notice] 1#1: start worker process 28
2022/09/30 21:56:19 [notice] 1#1: start worker process 29
2022/09/30 21:56:19 [notice] 1#1: start worker process 30
2022/09/30 21:56:19 [notice] 1#1: start worker process 31
2022/09/30 21:56:19 [notice] 1#1: start worker process 32
2022/09/30 21:56:19 [notice] 1#1: start worker process 33
2022/09/30 21:58:55 [notice] 1#1: signal 3 (SIGQUIT) received, shutting down
2022/09/30 21:58:55 [notice] 22#22: gracefully shutting down
2022/09/30 21:58:55 [notice] 22#22: exiting
2022/09/30 21:58:55 [notice] 23#23: gracefully shutting down
2022/09/30 21:58:55 [notice] 28#28: gracefully shutting down
2022/09/30 21:58:55 [notice] 23#23: exiting
2022/09/30 21:58:55 [notice] 26#26: gracefully shutting down
2022/09/30 21:58:55 [notice] 28#28: exiting
2022/09/30 21:58:55 [notice] 33#33: gracefully shutting down
2022/09/30 21:58:55 [notice] 22#22: exit
2022/09/30 21:58:55 [notice] 26#26: exiting
2022/09/30 21:58:55 [notice] 23#23: exit
2022/09/30 21:58:55 [notice] 28#28: exit
2022/09/30 21:58:55 [notice] 27#27: gracefully shutting down
2022/09/30 21:58:55 [notice] 27#27: exiting
2022/09/30 21:58:55 [notice] 33#33: exiting
2022/09/30 21:58:55 [notice] 26#26: exit
2022/09/30 21:58:55 [notice] 27#27: exit
2022/09/30 21:58:55 [notice] 33#33: exit
2022/09/30 21:58:55 [notice] 24#24: gracefully shutting down
2022/09/30 21:58:55 [notice] 32#32: gracefully shutting down
2022/09/30 21:58:55 [notice] 24#24: exiting
2022/09/30 21:58:55 [notice] 32#32: exiting
2022/09/30 21:58:55 [notice] 30#30: gracefully shutting down
2022/09/30 21:58:55 [notice] 24#24: exit
2022/09/30 21:58:55 [notice] 30#30: exiting
2022/09/30 21:58:55 [notice] 32#32: exit
2022/09/30 21:58:55 [notice] 30#30: exit
2022/09/30 21:58:55 [notice] 31#31: gracefully shutting down
2022/09/30 21:58:55 [notice] 29#29: gracefully shutting down
2022/09/30 21:58:55 [notice] 31#31: exiting
2022/09/30 21:58:55 [notice] 29#29: exiting
2022/09/30 21:58:55 [notice] 31#31: exit
2022/09/30 21:58:55 [notice] 29#29: exit
2022/09/30 21:58:55 [notice] 25#25: gracefully shutting down
2022/09/30 21:58:55 [notice] 25#25: exiting
2022/09/30 21:58:55 [notice] 25#25: exit
2022/09/30 21:58:55 [notice] 1#1: signal 17 (SIGCHLD) received from 22
2022/09/30 21:58:55 [notice] 1#1: worker process 22 exited with code 0
2022/09/30 21:58:55 [notice] 1#1: worker process 24 exited with code 0
2022/09/30 21:58:55 [notice] 1#1: worker process 29 exited with code 0
2022/09/30 21:58:55 [notice] 1#1: signal 29 (SIGIO) received
2022/09/30 21:58:55 [notice] 1#1: signal 17 (SIGCHLD) received from 24
2022/09/30 21:58:55 [notice] 1#1: signal 17 (SIGCHLD) received from 28
2022/09/30 21:58:55 [notice] 1#1: worker process 28 exited with code 0
2022/09/30 21:58:55 [notice] 1#1: worker process 31 exited with code 0
2022/09/30 21:58:55 [notice] 1#1: worker process 33 exited with code 0
2022/09/30 21:58:55 [notice] 1#1: signal 29 (SIGIO) received
2022/09/30 21:58:55 [notice] 1#1: signal 17 (SIGCHLD) received from 33
2022/09/30 21:58:55 [notice] 1#1: signal 17 (SIGCHLD) received from 26
2022/09/30 21:58:55 [notice] 1#1: worker process 26 exited with code 0
2022/09/30 21:58:55 [notice] 1#1: worker process 30 exited with code 0
2022/09/30 21:58:55 [notice] 1#1: signal 29 (SIGIO) received
2022/09/30 21:58:55 [notice] 1#1: signal 17 (SIGCHLD) received from 30
2022/09/30 21:58:55 [notice] 1#1: signal 17 (SIGCHLD) received from 25
2022/09/30 21:58:55 [notice] 1#1: worker process 25 exited with code 0
2022/09/30 21:58:55 [notice] 1#1: signal 29 (SIGIO) received
2022/09/30 21:58:55 [notice] 1#1: signal 17 (SIGCHLD) received from 27
2022/09/30 21:58:55 [notice] 1#1: worker process 23 exited with code 0
2022/09/30 21:58:55 [notice] 1#1: worker process 27 exited with code 0
2022/09/30 21:58:55 [notice] 1#1: signal 29 (SIGIO) received
2022/09/30 21:58:55 [notice] 1#1: signal 17 (SIGCHLD) received from 32
2022/09/30 21:58:55 [notice] 1#1: worker process 32 exited with code 0
2022/09/30 21:58:55 [notice] 1#1: exit
2022/10/01 06:34:38 [notice] 1#1: using the "epoll" event method
2022/10/01 06:34:38 [notice] 1#1: nginx/1.23.1
2022/10/01 06:34:38 [notice] 1#1: built by gcc 10.2.1 20210110 (Debian 10.2.1-6) 
2022/10/01 06:34:38 [notice] 1#1: OS: Linux 5.15.0-48-generic
2022/10/01 06:34:38 [notice] 1#1: getrlimit(RLIMIT_NOFILE): 1048576:1048576
2022/10/01 06:34:38 [notice] 1#1: start worker processes
2022/10/01 06:34:38 [notice] 1#1: start worker process 22
2022/10/01 06:34:38 [notice] 1#1: start worker process 23
2022/10/01 06:34:38 [notice] 1#1: start worker process 24
2022/10/01 06:34:38 [notice] 1#1: start worker process 25
2022/10/01 06:34:38 [notice] 1#1: start worker process 26
2022/10/01 06:34:38 [notice] 1#1: start worker process 27
2022/10/01 06:34:38 [notice] 1#1: start worker process 28
2022/10/01 06:34:38 [notice] 1#1: start worker process 29
2022/10/01 06:34:38 [notice] 1#1: start worker process 30
2022/10/01 06:34:38 [notice] 1#1: start worker process 31
2022/10/01 06:34:38 [notice] 1#1: start worker process 32
2022/10/01 06:34:38 [notice] 1#1: start worker process 33
2022/10/01 06:58:11 [notice] 1#1: signal 3 (SIGQUIT) received, shutting down
2022/10/01 06:58:11 [notice] 22#22: gracefully shutting down
2022/10/01 06:58:11 [notice] 23#23: gracefully shutting down
2022/10/01 06:58:11 [notice] 24#24: gracefully shutting down
2022/10/01 06:58:11 [notice] 25#25: gracefully shutting down
2022/10/01 06:58:11 [notice] 26#26: gracefully shutting down
2022/10/01 06:58:11 [notice] 27#27: gracefully shutting down
2022/10/01 06:58:11 [notice] 28#28: gracefully shutting down
2022/10/01 06:58:11 [notice] 22#22: exiting
2022/10/01 06:58:11 [notice] 29#29: gracefully shutting down
2022/10/01 06:58:11 [notice] 23#23: exiting
2022/10/01 06:58:11 [notice] 24#24: exiting
2022/10/01 06:58:11 [notice] 30#30: gracefully shutting down
2022/10/01 06:58:11 [notice] 25#25: exiting
2022/10/01 06:58:11 [notice] 32#32: gracefully shutting down
2022/10/01 06:58:11 [notice] 26#26: exiting
2022/10/01 06:58:11 [notice] 27#27: exiting
2022/10/01 06:58:11 [notice] 28#28: exiting
2022/10/01 06:58:11 [notice] 29#29: exiting
2022/10/01 06:58:11 [notice] 30#30: exiting
2022/10/01 06:58:11 [notice] 22#22: exit
2022/10/01 06:58:11 [notice] 31#31: gracefully shutting down
2022/10/01 06:58:11 [notice] 32#32: exiting
2022/10/01 06:58:11 [notice] 25#25: exit
2022/10/01 06:58:11 [notice] 24#24: exit
2022/10/01 06:58:11 [notice] 23#23: exit
2022/10/01 06:58:11 [notice] 31#31: exiting
2022/10/01 06:58:11 [notice] 28#28: exit
2022/10/01 06:58:11 [notice] 27#27: exit
2022/10/01 06:58:11 [notice] 26#26: exit
2022/10/01 06:58:11 [notice] 30#30: exit
2022/10/01 06:58:11 [notice] 29#29: exit
2022/10/01 06:58:11 [notice] 32#32: exit
2022/10/01 06:58:11 [notice] 31#31: exit
2022/10/01 06:58:11 [notice] 33#33: gracefully shutting down
2022/10/01 06:58:11 [notice] 33#33: exiting
2022/10/01 06:58:11 [notice] 33#33: exit
2022/10/01 06:58:11 [notice] 1#1: signal 17 (SIGCHLD) received from 32
2022/10/01 06:58:11 [notice] 1#1: worker process 32 exited with code 0
2022/10/01 06:58:11 [notice] 1#1: signal 29 (SIGIO) received
2022/10/01 06:58:11 [notice] 1#1: signal 17 (SIGCHLD) received from 26
2022/10/01 06:58:11 [notice] 1#1: worker process 26 exited with code 0
2022/10/01 06:58:11 [notice] 1#1: worker process 28 exited with code 0
2022/10/01 06:58:11 [notice] 1#1: signal 29 (SIGIO) received
2022/10/01 06:58:11 [notice] 1#1: signal 17 (SIGCHLD) received from 28
2022/10/01 06:58:11 [notice] 1#1: signal 17 (SIGCHLD) received from 23
2022/10/01 06:58:11 [notice] 1#1: worker process 23 exited with code 0
2022/10/01 06:58:11 [notice] 1#1: signal 29 (SIGIO) received
2022/10/01 06:58:11 [notice] 1#1: signal 17 (SIGCHLD) received from 22
2022/10/01 06:58:11 [notice] 1#1: worker process 22 exited with code 0
2022/10/01 06:58:11 [notice] 1#1: worker process 25 exited with code 0
2022/10/01 06:58:11 [notice] 1#1: worker process 27 exited with code 0
2022/10/01 06:58:11 [notice] 1#1: signal 29 (SIGIO) received
2022/10/01 06:58:11 [notice] 1#1: signal 17 (SIGCHLD) received from 27
2022/10/01 06:58:11 [notice] 1#1: signal 17 (SIGCHLD) received from 33
2022/10/01 06:58:11 [notice] 1#1: worker process 33 exited with code 0
2022/10/01 06:58:11 [notice] 1#1: signal 29 (SIGIO) received
2022/10/01 06:58:11 [notice] 1#1: signal 17 (SIGCHLD) received from 29
2022/10/01 06:58:11 [notice] 1#1: worker process 29 exited with code 0
2022/10/01 06:58:11 [notice] 1#1: worker process 30 exited with code 0
2022/10/01 06:58:11 [notice] 1#1: signal 29 (SIGIO) received
2022/10/01 06:58:11 [notice] 1#1: signal 17 (SIGCHLD) received from 30
2022/10/01 06:58:11 [notice] 1#1: signal 17 (SIGCHLD) received from 31
2022/10/01 06:58:11 [notice] 1#1: worker process 31 exited with code 0
2022/10/01 06:58:11 [notice] 1#1: signal 29 (SIGIO) received
2022/10/01 06:58:11 [notice] 1#1: signal 17 (SIGCHLD) received from 24
2022/10/01 06:58:11 [notice] 1#1: worker process 24 exited with code 0
2022/10/01 06:58:11 [notice] 1#1: exit
2022/10/01 06:58:19 [notice] 1#1: using the "epoll" event method
2022/10/01 06:58:19 [notice] 1#1: nginx/1.23.1
2022/10/01 06:58:19 [notice] 1#1: built by gcc 10.2.1 20210110 (Debian 10.2.1-6) 
2022/10/01 06:58:19 [notice] 1#1: OS: Linux 5.15.0-48-generic
2022/10/01 06:58:19 [notice] 1#1: getrlimit(RLIMIT_NOFILE): 1048576:1048576
2022/10/01 06:58:19 [notice] 1#1: start worker processes
2022/10/01 06:58:19 [notice] 1#1: start worker process 22
2022/10/01 06:58:19 [notice] 1#1: start worker process 23
2022/10/01 06:58:19 [notice] 1#1: start worker process 24
2022/10/01 06:58:19 [notice] 1#1: start worker process 25
2022/10/01 06:58:19 [notice] 1#1: start worker process 26
2022/10/01 06:58:19 [notice] 1#1: start worker process 27
2022/10/01 06:58:19 [notice] 1#1: start worker process 28
2022/10/01 06:58:19 [notice] 1#1: start worker process 29
2022/10/01 06:58:19 [notice] 1#1: start worker process 30
2022/10/01 06:58:19 [notice] 1#1: start worker process 31
2022/10/01 06:58:19 [notice] 1#1: start worker process 32
2022/10/01 06:58:19 [notice] 1#1: start worker process 33
2022/10/01 07:01:55 [notice] 1#1: signal 3 (SIGQUIT) received, shutting down
2022/10/01 07:01:55 [notice] 22#22: gracefully shutting down
2022/10/01 07:01:55 [notice] 23#23: gracefully shutting down
2022/10/01 07:01:55 [notice] 24#24: gracefully shutting down
2022/10/01 07:01:55 [notice] 25#25: gracefully shutting down
2022/10/01 07:01:55 [notice] 26#26: gracefully shutting down
2022/10/01 07:01:55 [notice] 28#28: gracefully shutting down
2022/10/01 07:01:55 [notice] 27#27: gracefully shutting down
2022/10/01 07:01:55 [notice] 22#22: exiting
2022/10/01 07:01:55 [notice] 29#29: gracefully shutting down
2022/10/01 07:01:55 [notice] 23#23: exiting
2022/10/01 07:01:55 [notice] 30#30: gracefully shutting down
2022/10/01 07:01:55 [notice] 24#24: exiting
2022/10/01 07:01:55 [notice] 31#31: gracefully shutting down
2022/10/01 07:01:55 [notice] 25#25: exiting
2022/10/01 07:01:55 [notice] 26#26: exiting
2022/10/01 07:01:55 [notice] 28#28: exiting
2022/10/01 07:01:55 [notice] 27#27: exiting
2022/10/01 07:01:55 [notice] 29#29: exiting
2022/10/01 07:01:55 [notice] 30#30: exiting
2022/10/01 07:01:55 [notice] 31#31: exiting
2022/10/01 07:01:55 [notice] 22#22: exit
2022/10/01 07:01:55 [notice] 24#24: exit
2022/10/01 07:01:55 [notice] 23#23: exit
2022/10/01 07:01:55 [notice] 25#25: exit
2022/10/01 07:01:55 [notice] 27#27: exit
2022/10/01 07:01:55 [notice] 28#28: exit
2022/10/01 07:01:55 [notice] 26#26: exit
2022/10/01 07:01:55 [notice] 30#30: exit
2022/10/01 07:01:55 [notice] 31#31: exit
2022/10/01 07:01:55 [notice] 29#29: exit
2022/10/01 07:01:55 [notice] 33#33: gracefully shutting down
2022/10/01 07:01:55 [notice] 33#33: exiting
2022/10/01 07:01:55 [notice] 33#33: exit
2022/10/01 07:01:55 [notice] 32#32: gracefully shutting down
2022/10/01 07:01:55 [notice] 32#32: exiting
2022/10/01 07:01:55 [notice] 32#32: exit
2022/10/01 07:01:56 [notice] 1#1: signal 17 (SIGCHLD) received from 27
2022/10/01 07:01:56 [notice] 1#1: worker process 27 exited with code 0
2022/10/01 07:01:56 [notice] 1#1: signal 29 (SIGIO) received
2022/10/01 07:01:56 [notice] 1#1: signal 17 (SIGCHLD) received from 29
2022/10/01 07:01:56 [notice] 1#1: worker process 29 exited with code 0
2022/10/01 07:01:56 [notice] 1#1: signal 29 (SIGIO) received
2022/10/01 07:01:56 [notice] 1#1: signal 17 (SIGCHLD) received from 33
2022/10/01 07:01:56 [notice] 1#1: worker process 24 exited with code 0
2022/10/01 07:01:56 [notice] 1#1: worker process 33 exited with code 0
2022/10/01 07:01:56 [notice] 1#1: signal 29 (SIGIO) received
2022/10/01 07:01:56 [notice] 1#1: signal 17 (SIGCHLD) received from 24
2022/10/01 07:01:56 [notice] 1#1: signal 17 (SIGCHLD) received from 22
2022/10/01 07:01:56 [notice] 1#1: worker process 22 exited with code 0
2022/10/01 07:01:56 [notice] 1#1: signal 29 (SIGIO) received
2022/10/01 07:01:56 [notice] 1#1: signal 17 (SIGCHLD) received from 25
2022/10/01 07:01:56 [notice] 1#1: worker process 25 exited with code 0
2022/10/01 07:01:56 [notice] 1#1: signal 29 (SIGIO) received
2022/10/01 07:01:56 [notice] 1#1: signal 17 (SIGCHLD) received from 32
2022/10/01 07:01:56 [notice] 1#1: worker process 32 exited with code 0
2022/10/01 07:01:56 [notice] 1#1: signal 29 (SIGIO) received
2022/10/01 07:01:56 [notice] 1#1: signal 17 (SIGCHLD) received from 26
2022/10/01 07:01:56 [notice] 1#1: worker process 26 exited with code 0
2022/10/01 07:01:56 [notice] 1#1: signal 29 (SIGIO) received
2022/10/01 07:01:56 [notice] 1#1: signal 17 (SIGCHLD) received from 28
2022/10/01 07:01:56 [notice] 1#1: worker process 28 exited with code 0
2022/10/01 07:01:56 [notice] 1#1: signal 29 (SIGIO) received
2022/10/01 07:01:56 [notice] 1#1: signal 17 (SIGCHLD) received from 23
2022/10/01 07:01:56 [notice] 1#1: worker process 23 exited with code 0
2022/10/01 07:01:56 [notice] 1#1: signal 29 (SIGIO) received
2022/10/01 07:01:56 [notice] 1#1: signal 17 (SIGCHLD) received from 31
2022/10/01 07:01:56 [notice] 1#1: worker process 31 exited with code 0
2022/10/01 07:01:56 [notice] 1#1: signal 29 (SIGIO) received
2022/10/01 07:01:56 [notice] 1#1: signal 17 (SIGCHLD) received from 30
2022/10/01 07:01:56 [notice] 1#1: worker process 30 exited with code 0
2022/10/01 07:01:56 [notice] 1#1: exit
2022/10/01 07:02:00 [notice] 1#1: using the "epoll" event method
2022/10/01 07:02:00 [notice] 1#1: nginx/1.23.1
2022/10/01 07:02:00 [notice] 1#1: built by gcc 10.2.1 20210110 (Debian 10.2.1-6) 
2022/10/01 07:02:00 [notice] 1#1: OS: Linux 5.15.0-48-generic
2022/10/01 07:02:00 [notice] 1#1: getrlimit(RLIMIT_NOFILE): 1048576:1048576
2022/10/01 07:02:00 [notice] 1#1: start worker processes
2022/10/01 07:02:00 [notice] 1#1: start worker process 22
2022/10/01 07:02:00 [notice] 1#1: start worker process 23
2022/10/01 07:02:00 [notice] 1#1: start worker process 24
2022/10/01 07:02:00 [notice] 1#1: start worker process 25
2022/10/01 07:02:00 [notice] 1#1: start worker process 26
2022/10/01 07:02:00 [notice] 1#1: start worker process 27
2022/10/01 07:02:00 [notice] 1#1: start worker process 28
2022/10/01 07:02:00 [notice] 1#1: start worker process 29
2022/10/01 07:02:00 [notice] 1#1: start worker process 30
2022/10/01 07:02:00 [notice] 1#1: start worker process 31
2022/10/01 07:02:00 [notice] 1#1: start worker process 32
2022/10/01 07:02:00 [notice] 1#1: start worker process 33
2022/10/01 07:03:17 [notice] 1#1: signal 3 (SIGQUIT) received, shutting down
2022/10/01 07:03:17 [notice] 22#22: gracefully shutting down
2022/10/01 07:03:17 [notice] 23#23: gracefully shutting down
2022/10/01 07:03:17 [notice] 26#26: gracefully shutting down
2022/10/01 07:03:17 [notice] 24#24: gracefully shutting down
2022/10/01 07:03:17 [notice] 25#25: gracefully shutting down
2022/10/01 07:03:17 [notice] 22#22: exiting
2022/10/01 07:03:17 [notice] 27#27: gracefully shutting down
2022/10/01 07:03:17 [notice] 26#26: exiting
2022/10/01 07:03:17 [notice] 30#30: gracefully shutting down
2022/10/01 07:03:17 [notice] 33#33: gracefully shutting down
2022/10/01 07:03:17 [notice] 24#24: exiting
2022/10/01 07:03:17 [notice] 29#29: gracefully shutting down
2022/10/01 07:03:17 [notice] 28#28: gracefully shutting down
2022/10/01 07:03:17 [notice] 25#25: exiting
2022/10/01 07:03:17 [notice] 27#27: exiting
2022/10/01 07:03:17 [notice] 30#30: exiting
2022/10/01 07:03:17 [notice] 23#23: exiting
2022/10/01 07:03:17 [notice] 33#33: exiting
2022/10/01 07:03:17 [notice] 22#22: exit
2022/10/01 07:03:17 [notice] 29#29: exiting
2022/10/01 07:03:17 [notice] 26#26: exit
2022/10/01 07:03:17 [notice] 28#28: exiting
2022/10/01 07:03:17 [notice] 24#24: exit
2022/10/01 07:03:17 [notice] 25#25: exit
2022/10/01 07:03:17 [notice] 27#27: exit
2022/10/01 07:03:17 [notice] 30#30: exit
2022/10/01 07:03:17 [notice] 23#23: exit
2022/10/01 07:03:17 [notice] 33#33: exit
2022/10/01 07:03:17 [notice] 29#29: exit
2022/10/01 07:03:17 [notice] 28#28: exit
2022/10/01 07:03:17 [notice] 31#31: gracefully shutting down
2022/10/01 07:03:17 [notice] 32#32: gracefully shutting down
2022/10/01 07:03:17 [notice] 31#31: exiting
2022/10/01 07:03:17 [notice] 32#32: exiting
2022/10/01 07:03:17 [notice] 31#31: exit
2022/10/01 07:03:17 [notice] 32#32: exit
2022/10/01 07:03:17 [notice] 1#1: signal 17 (SIGCHLD) received from 22
2022/10/01 07:03:17 [notice] 1#1: worker process 22 exited with code 0
2022/10/01 07:03:17 [notice] 1#1: signal 29 (SIGIO) received
2022/10/01 07:03:17 [notice] 1#1: signal 17 (SIGCHLD) received from 27
2022/10/01 07:03:17 [notice] 1#1: worker process 27 exited with code 0
2022/10/01 07:03:17 [notice] 1#1: signal 29 (SIGIO) received
2022/10/01 07:03:17 [notice] 1#1: signal 17 (SIGCHLD) received from 33
2022/10/01 07:03:17 [notice] 1#1: worker process 30 exited with code 0
2022/10/01 07:03:17 [notice] 1#1: worker process 33 exited with code 0
2022/10/01 07:03:17 [notice] 1#1: signal 29 (SIGIO) received
2022/10/01 07:03:17 [notice] 1#1: signal 17 (SIGCHLD) received from 30
2022/10/01 07:03:17 [notice] 1#1: worker process 32 exited with code 0
2022/10/01 07:03:17 [notice] 1#1: signal 29 (SIGIO) received
2022/10/01 07:03:17 [notice] 1#1: signal 17 (SIGCHLD) received from 24
2022/10/01 07:03:17 [notice] 1#1: worker process 24 exited with code 0
2022/10/01 07:03:17 [notice] 1#1: worker process 31 exited with code 0
2022/10/01 07:03:17 [notice] 1#1: signal 29 (SIGIO) received
2022/10/01 07:03:17 [notice] 1#1: signal 17 (SIGCHLD) received from 31
2022/10/01 07:03:17 [notice] 1#1: signal 17 (SIGCHLD) received from 25
2022/10/01 07:03:17 [notice] 1#1: worker process 25 exited with code 0
2022/10/01 07:03:17 [notice] 1#1: signal 29 (SIGIO) received
2022/10/01 07:03:17 [notice] 1#1: signal 17 (SIGCHLD) received from 28
2022/10/01 07:03:17 [notice] 1#1: worker process 28 exited with code 0
2022/10/01 07:03:17 [notice] 1#1: signal 29 (SIGIO) received
2022/10/01 07:03:17 [notice] 1#1: signal 17 (SIGCHLD) received from 23
2022/10/01 07:03:17 [notice] 1#1: worker process 23 exited with code 0
2022/10/01 07:03:17 [notice] 1#1: signal 29 (SIGIO) received
2022/10/01 07:03:17 [notice] 1#1: signal 17 (SIGCHLD) received from 29
2022/10/01 07:03:17 [notice] 1#1: worker process 29 exited with code 0
2022/10/01 07:03:17 [notice] 1#1: signal 29 (SIGIO) received
2022/10/01 07:03:17 [notice] 1#1: signal 17 (SIGCHLD) received from 26
2022/10/01 07:03:17 [notice] 1#1: worker process 26 exited with code 0
2022/10/01 07:03:17 [notice] 1#1: exit
2022/10/01 07:03:22 [notice] 1#1: using the "epoll" event method
2022/10/01 07:03:22 [notice] 1#1: nginx/1.23.1
2022/10/01 07:03:22 [notice] 1#1: built by gcc 10.2.1 20210110 (Debian 10.2.1-6) 
2022/10/01 07:03:22 [notice] 1#1: OS: Linux 5.15.0-48-generic
2022/10/01 07:03:22 [notice] 1#1: getrlimit(RLIMIT_NOFILE): 1048576:1048576
2022/10/01 07:03:22 [notice] 1#1: start worker processes
2022/10/01 07:03:22 [notice] 1#1: start worker process 22
2022/10/01 07:03:22 [notice] 1#1: start worker process 23
2022/10/01 07:03:22 [notice] 1#1: start worker process 24
2022/10/01 07:03:22 [notice] 1#1: start worker process 25
2022/10/01 07:03:22 [notice] 1#1: start worker process 26
2022/10/01 07:03:22 [notice] 1#1: start worker process 27
2022/10/01 07:03:22 [notice] 1#1: start worker process 28
2022/10/01 07:03:22 [notice] 1#1: start worker process 29
2022/10/01 07:03:22 [notice] 1#1: start worker process 30
2022/10/01 07:03:22 [notice] 1#1: start worker process 31
2022/10/01 07:03:22 [notice] 1#1: start worker process 32
2022/10/01 07:03:22 [notice] 1#1: start worker process 33
2022/10/01 07:11:02 [notice] 1#1: signal 3 (SIGQUIT) received, shutting down
2022/10/01 07:11:02 [notice] 22#22: gracefully shutting down
2022/10/01 07:11:02 [notice] 24#24: gracefully shutting down
2022/10/01 07:11:02 [notice] 25#25: gracefully shutting down
2022/10/01 07:11:02 [notice] 23#23: gracefully shutting down
2022/10/01 07:11:02 [notice] 24#24: exiting
2022/10/01 07:11:02 [notice] 27#27: gracefully shutting down
2022/10/01 07:11:02 [notice] 26#26: gracefully shutting down
2022/10/01 07:11:02 [notice] 28#28: gracefully shutting down
2022/10/01 07:11:02 [notice] 29#29: gracefully shutting down
2022/10/01 07:11:02 [notice] 22#22: exiting
2022/10/01 07:11:02 [notice] 25#25: exiting
2022/10/01 07:11:02 [notice] 32#32: gracefully shutting down
2022/10/01 07:11:02 [notice] 23#23: exiting
2022/10/01 07:11:02 [notice] 27#27: exiting
2022/10/01 07:11:02 [notice] 26#26: exiting
2022/10/01 07:11:02 [notice] 28#28: exiting
2022/10/01 07:11:02 [notice] 29#29: exiting
2022/10/01 07:11:02 [notice] 32#32: exiting
2022/10/01 07:11:02 [notice] 24#24: exit
2022/10/01 07:11:02 [notice] 31#31: gracefully shutting down
2022/10/01 07:11:02 [notice] 25#25: exit
2022/10/01 07:11:02 [notice] 22#22: exit
2022/10/01 07:11:02 [notice] 23#23: exit
2022/10/01 07:11:02 [notice] 28#28: exit
2022/10/01 07:11:02 [notice] 27#27: exit
2022/10/01 07:11:02 [notice] 29#29: exit
2022/10/01 07:11:02 [notice] 31#31: exiting
2022/10/01 07:11:02 [notice] 26#26: exit
2022/10/01 07:11:02 [notice] 32#32: exit
2022/10/01 07:11:02 [notice] 31#31: exit
2022/10/01 07:11:02 [notice] 30#30: gracefully shutting down
2022/10/01 07:11:02 [notice] 30#30: exiting
2022/10/01 07:11:02 [notice] 33#33: gracefully shutting down
2022/10/01 07:11:02 [notice] 30#30: exit
2022/10/01 07:11:02 [notice] 33#33: exiting
2022/10/01 07:11:02 [notice] 33#33: exit
2022/10/01 07:11:02 [notice] 1#1: signal 17 (SIGCHLD) received from 28
2022/10/01 07:11:02 [notice] 1#1: worker process 24 exited with code 0
2022/10/01 07:11:02 [notice] 1#1: worker process 28 exited with code 0
2022/10/01 07:11:02 [notice] 1#1: worker process 30 exited with code 0
2022/10/01 07:11:02 [notice] 1#1: signal 29 (SIGIO) received
2022/10/01 07:11:02 [notice] 1#1: signal 17 (SIGCHLD) received from 24
2022/10/01 07:11:02 [notice] 1#1: signal 17 (SIGCHLD) received from 26
2022/10/01 07:11:02 [notice] 1#1: worker process 26 exited with code 0
2022/10/01 07:11:02 [notice] 1#1: signal 29 (SIGIO) received
2022/10/01 07:11:02 [notice] 1#1: signal 17 (SIGCHLD) received from 22
2022/10/01 07:11:02 [notice] 1#1: worker process 22 exited with code 0
2022/10/01 07:11:02 [notice] 1#1: signal 29 (SIGIO) received
2022/10/01 07:11:02 [notice] 1#1: signal 17 (SIGCHLD) received from 31
2022/10/01 07:11:02 [notice] 1#1: worker process 31 exited with code 0
2022/10/01 07:11:02 [notice] 1#1: worker process 33 exited with code 0
2022/10/01 07:11:02 [notice] 1#1: signal 29 (SIGIO) received
2022/10/01 07:11:02 [notice] 1#1: signal 17 (SIGCHLD) received from 33
2022/10/01 07:11:02 [notice] 1#1: signal 17 (SIGCHLD) received from 27
2022/10/01 07:11:02 [notice] 1#1: worker process 27 exited with code 0
2022/10/01 07:11:02 [notice] 1#1: signal 29 (SIGIO) received
2022/10/01 07:11:02 [notice] 1#1: signal 17 (SIGCHLD) received from 29
2022/10/01 07:11:02 [notice] 1#1: worker process 29 exited with code 0
2022/10/01 07:11:02 [notice] 1#1: signal 29 (SIGIO) received
2022/10/01 07:11:02 [notice] 1#1: signal 17 (SIGCHLD) received from 32
2022/10/01 07:11:02 [notice] 1#1: worker process 32 exited with code 0
2022/10/01 07:11:02 [notice] 1#1: signal 29 (SIGIO) received
2022/10/01 07:11:02 [notice] 1#1: signal 17 (SIGCHLD) received from 23
2022/10/01 07:11:02 [notice] 1#1: worker process 23 exited with code 0
2022/10/01 07:11:02 [notice] 1#1: signal 29 (SIGIO) received
2022/10/01 07:11:02 [notice] 1#1: signal 17 (SIGCHLD) received from 25
2022/10/01 07:11:02 [notice] 1#1: worker process 25 exited with code 0
2022/10/01 07:11:02 [notice] 1#1: exit
2022/10/01 07:11:06 [notice] 1#1: using the "epoll" event method
2022/10/01 07:11:06 [notice] 1#1: nginx/1.23.1
2022/10/01 07:11:06 [notice] 1#1: built by gcc 10.2.1 20210110 (Debian 10.2.1-6) 
2022/10/01 07:11:06 [notice] 1#1: OS: Linux 5.15.0-48-generic
2022/10/01 07:11:06 [notice] 1#1: getrlimit(RLIMIT_NOFILE): 1048576:1048576
2022/10/01 07:11:06 [notice] 1#1: start worker processes
2022/10/01 07:11:06 [notice] 1#1: start worker process 22
2022/10/01 07:11:06 [notice] 1#1: start worker process 23
2022/10/01 07:11:06 [notice] 1#1: start worker process 24
2022/10/01 07:11:06 [notice] 1#1: start worker process 25
2022/10/01 07:11:06 [notice] 1#1: start worker process 26
2022/10/01 07:11:06 [notice] 1#1: start worker process 27
2022/10/01 07:11:06 [notice] 1#1: start worker process 28
2022/10/01 07:11:06 [notice] 1#1: start worker process 29
2022/10/01 07:11:06 [notice] 1#1: start worker process 30
2022/10/01 07:11:06 [notice] 1#1: start worker process 31
2022/10/01 07:11:06 [notice] 1#1: start worker process 32
2022/10/01 07:11:06 [notice] 1#1: start worker process 33
2022/10/01 07:13:33 [notice] 1#1: signal 3 (SIGQUIT) received, shutting down
2022/10/01 07:13:33 [notice] 22#22: gracefully shutting down
2022/10/01 07:13:33 [notice] 23#23: gracefully shutting down
2022/10/01 07:13:33 [notice] 24#24: gracefully shutting down
2022/10/01 07:13:33 [notice] 22#22: exiting
2022/10/01 07:13:33 [notice] 27#27: gracefully shutting down
2022/10/01 07:13:33 [notice] 26#26: gracefully shutting down
2022/10/01 07:13:33 [notice] 25#25: gracefully shutting down
2022/10/01 07:13:33 [notice] 26#26: exiting
2022/10/01 07:13:33 [notice] 23#23: exiting
2022/10/01 07:13:33 [notice] 29#29: gracefully shutting down
2022/10/01 07:13:33 [notice] 28#28: gracefully shutting down
2022/10/01 07:13:33 [notice] 31#31: gracefully shutting down
2022/10/01 07:13:33 [notice] 24#24: exiting
2022/10/01 07:13:33 [notice] 30#30: gracefully shutting down
2022/10/01 07:13:33 [notice] 27#27: exiting
2022/10/01 07:13:33 [notice] 25#25: exiting
2022/10/01 07:13:33 [notice] 22#22: exit
2022/10/01 07:13:33 [notice] 33#33: gracefully shutting down
2022/10/01 07:13:33 [notice] 29#29: exiting
2022/10/01 07:13:33 [notice] 28#28: exiting
2022/10/01 07:13:33 [notice] 31#31: exiting
2022/10/01 07:13:33 [notice] 26#26: exit
2022/10/01 07:13:33 [notice] 23#23: exit
2022/10/01 07:13:33 [notice] 30#30: exiting
2022/10/01 07:13:33 [notice] 33#33: exiting
2022/10/01 07:13:33 [notice] 24#24: exit
2022/10/01 07:13:33 [notice] 27#27: exit
2022/10/01 07:13:33 [notice] 25#25: exit
2022/10/01 07:13:33 [notice] 29#29: exit
2022/10/01 07:13:33 [notice] 31#31: exit
2022/10/01 07:13:33 [notice] 28#28: exit
2022/10/01 07:13:33 [notice] 30#30: exit
2022/10/01 07:13:33 [notice] 33#33: exit
2022/10/01 07:13:33 [notice] 32#32: gracefully shutting down
2022/10/01 07:13:33 [notice] 32#32: exiting
2022/10/01 07:13:33 [notice] 32#32: exit
2022/10/01 07:13:33 [notice] 1#1: signal 17 (SIGCHLD) received from 24
2022/10/01 07:13:33 [notice] 1#1: worker process 23 exited with code 0
2022/10/01 07:13:33 [notice] 1#1: worker process 24 exited with code 0
2022/10/01 07:13:33 [notice] 1#1: signal 29 (SIGIO) received
2022/10/01 07:13:33 [notice] 1#1: signal 17 (SIGCHLD) received from 30
2022/10/01 07:13:33 [notice] 1#1: worker process 30 exited with code 0
2022/10/01 07:13:33 [notice] 1#1: signal 29 (SIGIO) received
2022/10/01 07:13:33 [notice] 1#1: signal 17 (SIGCHLD) received from 29
2022/10/01 07:13:33 [notice] 1#1: worker process 29 exited with code 0
2022/10/01 07:13:33 [notice] 1#1: signal 29 (SIGIO) received
2022/10/01 07:13:33 [notice] 1#1: signal 17 (SIGCHLD) received from 31
2022/10/01 07:13:33 [notice] 1#1: worker process 31 exited with code 0
2022/10/01 07:13:33 [notice] 1#1: worker process 33 exited with code 0
2022/10/01 07:13:33 [notice] 1#1: signal 29 (SIGIO) received
2022/10/01 07:13:33 [notice] 1#1: signal 17 (SIGCHLD) received from 33
2022/10/01 07:13:33 [notice] 1#1: signal 17 (SIGCHLD) received from 28
2022/10/01 07:13:33 [notice] 1#1: worker process 28 exited with code 0
2022/10/01 07:13:33 [notice] 1#1: signal 29 (SIGIO) received
2022/10/01 07:13:33 [notice] 1#1: signal 17 (SIGCHLD) received from 27
2022/10/01 07:13:33 [notice] 1#1: worker process 27 exited with code 0
2022/10/01 07:13:33 [notice] 1#1: signal 29 (SIGIO) received
2022/10/01 07:13:33 [notice] 1#1: signal 17 (SIGCHLD) received from 32
2022/10/01 07:13:33 [notice] 1#1: worker process 32 exited with code 0
2022/10/01 07:13:33 [notice] 1#1: signal 29 (SIGIO) received
2022/10/01 07:13:33 [notice] 1#1: signal 17 (SIGCHLD) received from 22
2022/10/01 07:13:33 [notice] 1#1: worker process 22 exited with code 0
2022/10/01 07:13:33 [notice] 1#1: signal 29 (SIGIO) received
2022/10/01 07:13:33 [notice] 1#1: signal 17 (SIGCHLD) received from 26
2022/10/01 07:13:33 [notice] 1#1: worker process 26 exited with code 0
2022/10/01 07:13:33 [notice] 1#1: signal 29 (SIGIO) received
2022/10/01 07:13:33 [notice] 1#1: signal 17 (SIGCHLD) received from 25
2022/10/01 07:13:33 [notice] 1#1: worker process 25 exited with code 0
2022/10/01 07:13:33 [notice] 1#1: exit
2022/10/01 07:13:37 [notice] 1#1: using the "epoll" event method
2022/10/01 07:13:37 [notice] 1#1: nginx/1.23.1
2022/10/01 07:13:37 [notice] 1#1: built by gcc 10.2.1 20210110 (Debian 10.2.1-6) 
2022/10/01 07:13:37 [notice] 1#1: OS: Linux 5.15.0-48-generic
2022/10/01 07:13:37 [notice] 1#1: getrlimit(RLIMIT_NOFILE): 1048576:1048576
2022/10/01 07:13:37 [notice] 1#1: start worker processes
2022/10/01 07:13:37 [notice] 1#1: start worker process 22
2022/10/01 07:13:37 [notice] 1#1: start worker process 23
2022/10/01 07:13:37 [notice] 1#1: start worker process 24
2022/10/01 07:13:37 [notice] 1#1: start worker process 25
2022/10/01 07:13:37 [notice] 1#1: start worker process 26
2022/10/01 07:13:37 [notice] 1#1: start worker process 27
2022/10/01 07:13:37 [notice] 1#1: start worker process 28
2022/10/01 07:13:37 [notice] 1#1: start worker process 29
2022/10/01 07:13:37 [notice] 1#1: start worker process 30
2022/10/01 07:13:37 [notice] 1#1: start worker process 31
2022/10/01 07:13:37 [notice] 1#1: start worker process 32
2022/10/01 07:13:37 [notice] 1#1: start worker process 33
2022/10/01 08:31:58 [notice] 1#1: signal 3 (SIGQUIT) received, shutting down
2022/10/01 08:31:58 [notice] 23#23: gracefully shutting down
2022/10/01 08:31:58 [notice] 22#22: gracefully shutting down
2022/10/01 08:31:58 [notice] 23#23: exiting
2022/10/01 08:31:58 [notice] 24#24: gracefully shutting down
2022/10/01 08:31:58 [notice] 25#25: gracefully shutting down
2022/10/01 08:31:58 [notice] 27#27: gracefully shutting down
2022/10/01 08:31:58 [notice] 26#26: gracefully shutting down
2022/10/01 08:31:58 [notice] 28#28: gracefully shutting down
2022/10/01 08:31:58 [notice] 22#22: exiting
2022/10/01 08:31:58 [notice] 24#24: exiting
2022/10/01 08:31:58 [notice] 30#30: gracefully shutting down
2022/10/01 08:31:58 [notice] 25#25: exiting
2022/10/01 08:31:58 [notice] 29#29: gracefully shutting down
2022/10/01 08:31:58 [notice] 33#33: gracefully shutting down
2022/10/01 08:31:58 [notice] 31#31: gracefully shutting down
2022/10/01 08:31:58 [notice] 27#27: exiting
2022/10/01 08:31:58 [notice] 23#23: exit
2022/10/01 08:31:58 [notice] 26#26: exiting
2022/10/01 08:31:58 [notice] 28#28: exiting
2022/10/01 08:31:58 [notice] 30#30: exiting
2022/10/01 08:31:58 [notice] 29#29: exiting
2022/10/01 08:31:58 [notice] 22#22: exit
2022/10/01 08:31:58 [notice] 33#33: exiting
2022/10/01 08:31:58 [notice] 31#31: exiting
2022/10/01 08:31:58 [notice] 24#24: exit
2022/10/01 08:31:58 [notice] 25#25: exit
2022/10/01 08:31:58 [notice] 27#27: exit
2022/10/01 08:31:58 [notice] 28#28: exit
2022/10/01 08:31:58 [notice] 26#26: exit
2022/10/01 08:31:58 [notice] 29#29: exit
2022/10/01 08:31:58 [notice] 33#33: exit
2022/10/01 08:31:58 [notice] 30#30: exit
2022/10/01 08:31:58 [notice] 31#31: exit
2022/10/01 08:31:58 [notice] 32#32: gracefully shutting down
2022/10/01 08:31:58 [notice] 32#32: exiting
2022/10/01 08:31:58 [notice] 32#32: exit
2022/10/01 08:31:58 [notice] 1#1: signal 17 (SIGCHLD) received from 26
2022/10/01 08:31:58 [notice] 1#1: worker process 26 exited with code 0
2022/10/01 08:31:58 [notice] 1#1: signal 29 (SIGIO) received
2022/10/01 08:31:58 [notice] 1#1: signal 17 (SIGCHLD) received from 31
2022/10/01 08:31:58 [notice] 1#1: worker process 31 exited with code 0
2022/10/01 08:31:58 [notice] 1#1: signal 29 (SIGIO) received
2022/10/01 08:31:58 [notice] 1#1: signal 17 (SIGCHLD) received from 22
2022/10/01 08:31:58 [notice] 1#1: worker process 22 exited with code 0
2022/10/01 08:31:58 [notice] 1#1: signal 29 (SIGIO) received
2022/10/01 08:31:58 [notice] 1#1: signal 17 (SIGCHLD) received from 24
2022/10/01 08:31:58 [notice] 1#1: worker process 24 exited with code 0
2022/10/01 08:31:58 [notice] 1#1: signal 29 (SIGIO) received
2022/10/01 08:31:58 [notice] 1#1: signal 17 (SIGCHLD) received from 32
2022/10/01 08:31:58 [notice] 1#1: worker process 30 exited with code 0
2022/10/01 08:31:58 [notice] 1#1: worker process 32 exited with code 0
2022/10/01 08:31:58 [notice] 1#1: worker process 33 exited with code 0
2022/10/01 08:31:58 [notice] 1#1: signal 29 (SIGIO) received
2022/10/01 08:31:58 [notice] 1#1: signal 17 (SIGCHLD) received from 30
2022/10/01 08:31:58 [notice] 1#1: signal 17 (SIGCHLD) received from 29
2022/10/01 08:31:58 [notice] 1#1: worker process 29 exited with code 0
2022/10/01 08:31:58 [notice] 1#1: signal 29 (SIGIO) received
2022/10/01 08:31:58 [notice] 1#1: signal 17 (SIGCHLD) received from 23
2022/10/01 08:31:58 [notice] 1#1: worker process 23 exited with code 0
2022/10/01 08:31:58 [notice] 1#1: signal 29 (SIGIO) received
2022/10/01 08:31:58 [notice] 1#1: signal 17 (SIGCHLD) received from 28
2022/10/01 08:31:58 [notice] 1#1: worker process 28 exited with code 0
2022/10/01 08:31:58 [notice] 1#1: signal 29 (SIGIO) received
2022/10/01 08:31:58 [notice] 1#1: signal 17 (SIGCHLD) received from 27
2022/10/01 08:31:58 [notice] 1#1: worker process 27 exited with code 0
2022/10/01 08:31:58 [notice] 1#1: signal 29 (SIGIO) received
2022/10/01 08:31:58 [notice] 1#1: signal 17 (SIGCHLD) received from 25
2022/10/01 08:31:58 [notice] 1#1: worker process 25 exited with code 0
2022/10/01 08:31:58 [notice] 1#1: exit
2022/10/01 08:32:09 [emerg] 1#1: open() "/var/www/spirling/crm/var/log/nginx/spirling.access.log" failed (40: Too many levels of symbolic links)
2022/10/01 08:32:09 [emerg] 1#1: open() "/var/www/spirling/crm/var/log/nginx/spirling.access.log" failed (40: Too many levels of symbolic links)
2022/10/01 08:32:10 [emerg] 1#1: open() "/var/www/spirling/crm/var/log/nginx/spirling.access.log" failed (40: Too many levels of symbolic links)
2022/10/01 08:32:11 [emerg] 1#1: open() "/var/www/spirling/crm/var/log/nginx/spirling.access.log" failed (40: Too many levels of symbolic links)
2022/10/01 08:32:12 [emerg] 1#1: open() "/var/www/spirling/crm/var/log/nginx/spirling.access.log" failed (40: Too many levels of symbolic links)
2022/10/01 08:32:14 [emerg] 1#1: open() "/var/www/spirling/crm/var/log/nginx/spirling.access.log" failed (40: Too many levels of symbolic links)
2022/10/01 08:32:17 [emerg] 1#1: open() "/var/www/spirling/crm/var/log/nginx/spirling.access.log" failed (40: Too many levels of symbolic links)
2022/10/01 08:32:24 [emerg] 1#1: open() "/var/www/spirling/crm/var/log/nginx/spirling.access.log" failed (40: Too many levels of symbolic links)
2022/10/01 08:32:37 [emerg] 1#1: open() "/var/www/spirling/crm/var/log/nginx/spirling.access.log" failed (40: Too many levels of symbolic links)
2022/10/01 08:33:03 [emerg] 1#1: open() "/var/www/spirling/crm/var/log/nginx/spirling.access.log" failed (40: Too many levels of symbolic links)
2022/10/01 08:33:55 [emerg] 1#1: open() "/var/www/spirling/crm/var/log/nginx/spirling.access.log" failed (40: Too many levels of symbolic links)
2022/10/01 08:34:55 [emerg] 1#1: open() "/var/www/spirling/crm/var/log/nginx/spirling.access.log" failed (40: Too many levels of symbolic links)
2022/10/01 08:35:55 [emerg] 1#1: open() "/var/www/spirling/crm/var/log/nginx/spirling.access.log" failed (40: Too many levels of symbolic links)
2022/10/01 08:36:56 [emerg] 1#1: open() "/var/www/spirling/crm/var/log/nginx/spirling.access.log" failed (40: Too many levels of symbolic links)
2022/10/01 08:37:56 [emerg] 1#1: open() "/var/www/spirling/crm/var/log/nginx/spirling.access.log" failed (40: Too many levels of symbolic links)
2022/10/01 08:38:56 [emerg] 1#1: open() "/var/www/spirling/crm/var/log/nginx/access.log" failed (40: Too many levels of symbolic links)
2022/10/01 08:39:57 [emerg] 1#1: open() "/var/www/spirling/crm/var/log/nginx/access.log" failed (40: Too many levels of symbolic links)
2022/10/01 08:40:57 [emerg] 1#1: open() "/var/www/spirling/crm/var/log/nginx/access.log" failed (40: Too many levels of symbolic links)
2022/10/01 08:41:57 [emerg] 1#1: open() "/var/www/spirling/crm/var/log/nginx/access.log" failed (40: Too many levels of symbolic links)
2022/10/01 08:42:58 [emerg] 1#1: open() "/var/www/spirling/crm/var/log/nginx/access.log" failed (40: Too many levels of symbolic links)
2022/10/01 08:43:58 [emerg] 1#1: open() "/var/www/spirling/crm/var/log/nginx/access.log" failed (40: Too many levels of symbolic links)
2022/10/01 08:44:58 [notice] 1#1: using the "epoll" event method
2022/10/01 08:44:58 [notice] 1#1: nginx/1.23.1
2022/10/01 08:44:58 [notice] 1#1: built by gcc 10.2.1 20210110 (Debian 10.2.1-6) 
2022/10/01 08:44:58 [notice] 1#1: OS: Linux 5.15.0-48-generic
2022/10/01 08:44:58 [notice] 1#1: getrlimit(RLIMIT_NOFILE): 1048576:1048576
2022/10/01 08:44:58 [notice] 1#1: start worker processes
2022/10/01 08:44:58 [notice] 1#1: start worker process 22
2022/10/01 08:44:58 [notice] 1#1: start worker process 23
2022/10/01 08:44:58 [notice] 1#1: start worker process 24
2022/10/01 08:44:58 [notice] 1#1: start worker process 25
2022/10/01 08:44:58 [notice] 1#1: start worker process 26
2022/10/01 08:44:58 [notice] 1#1: start worker process 27
2022/10/01 08:44:58 [notice] 1#1: start worker process 28
2022/10/01 08:44:58 [notice] 1#1: start worker process 29
2022/10/01 08:44:58 [notice] 1#1: start worker process 30
2022/10/01 08:44:58 [notice] 1#1: start worker process 31
2022/10/01 08:44:58 [notice] 1#1: start worker process 32
2022/10/01 08:44:58 [notice] 1#1: start worker process 33
2022/10/01 16:57:34 [notice] 1#1: signal 3 (SIGQUIT) received, shutting down
2022/10/01 16:57:34 [notice] 22#22: gracefully shutting down
2022/10/01 16:57:34 [notice] 26#26: gracefully shutting down
2022/10/01 16:57:34 [notice] 23#23: gracefully shutting down
2022/10/01 16:57:34 [notice] 24#24: gracefully shutting down
2022/10/01 16:57:34 [notice] 25#25: gracefully shutting down
2022/10/01 16:57:34 [notice] 27#27: gracefully shutting down
2022/10/01 16:57:34 [notice] 29#29: gracefully shutting down
2022/10/01 16:57:34 [notice] 28#28: gracefully shutting down
2022/10/01 16:57:34 [notice] 30#30: gracefully shutting down
2022/10/01 16:57:34 [notice] 26#26: exiting
2022/10/01 16:57:34 [notice] 32#32: gracefully shutting down
2022/10/01 16:57:34 [notice] 23#23: exiting
2022/10/01 16:57:34 [notice] 24#24: exiting
2022/10/01 16:57:34 [notice] 33#33: gracefully shutting down
2022/10/01 16:57:34 [notice] 25#25: exiting
2022/10/01 16:57:34 [notice] 27#27: exiting
2022/10/01 16:57:34 [notice] 29#29: exiting
2022/10/01 16:57:34 [notice] 28#28: exiting
2022/10/01 16:57:34 [notice] 30#30: exiting
2022/10/01 16:57:34 [notice] 32#32: exiting
2022/10/01 16:57:34 [notice] 33#33: exiting
2022/10/01 16:57:34 [notice] 26#26: exit
2022/10/01 16:57:34 [notice] 23#23: exit
2022/10/01 16:57:34 [notice] 24#24: exit
2022/10/01 16:57:34 [notice] 25#25: exit
2022/10/01 16:57:34 [notice] 27#27: exit
2022/10/01 16:57:34 [notice] 32#32: exit
2022/10/01 16:57:34 [notice] 29#29: exit
2022/10/01 16:57:34 [notice] 28#28: exit
2022/10/01 16:57:34 [notice] 30#30: exit
2022/10/01 16:57:34 [notice] 33#33: exit
2022/10/01 16:57:34 [notice] 31#31: gracefully shutting down
2022/10/01 16:57:34 [notice] 31#31: exiting
2022/10/01 16:57:34 [notice] 31#31: exit
2022/10/01 16:57:34 [notice] 1#1: signal 17 (SIGCHLD) received from 26
2022/10/01 16:57:34 [notice] 1#1: worker process 26 exited with code 0
2022/10/01 16:57:34 [notice] 1#1: worker process 27 exited with code 0
2022/10/01 16:57:34 [notice] 1#1: worker process 33 exited with code 0
2022/10/01 16:57:34 [notice] 1#1: worker process 24 exited with code 0
2022/10/01 16:57:34 [notice] 1#1: worker process 23 exited with code 0
2022/10/01 16:57:34 [notice] 1#1: worker process 25 exited with code 0
2022/10/01 16:57:34 [notice] 1#1: worker process 29 exited with code 0
2022/10/01 16:57:34 [notice] 1#1: worker process 31 exited with code 0
2022/10/01 16:57:34 [notice] 1#1: signal 29 (SIGIO) received
2022/10/01 16:57:34 [notice] 1#1: signal 17 (SIGCHLD) received from 33
2022/10/01 16:57:34 [notice] 1#1: signal 17 (SIGCHLD) received from 30
2022/10/01 16:57:34 [notice] 1#1: worker process 28 exited with code 0
2022/10/01 16:57:34 [notice] 1#1: worker process 30 exited with code 0
2022/10/01 16:57:34 [notice] 1#1: signal 29 (SIGIO) received
2022/10/01 16:57:34 [notice] 1#1: signal 17 (SIGCHLD) received from 32
2022/10/01 16:57:34 [notice] 1#1: worker process 32 exited with code 0
2022/10/01 16:57:34 [notice] 1#1: signal 29 (SIGIO) received
2022/10/01 16:57:53 [notice] 1#1: using the "epoll" event method
2022/10/01 16:57:53 [notice] 1#1: nginx/1.23.1
2022/10/01 16:57:53 [notice] 1#1: built by gcc 10.2.1 20210110 (Debian 10.2.1-6) 
2022/10/01 16:57:53 [notice] 1#1: OS: Linux 5.15.0-48-generic
2022/10/01 16:57:53 [notice] 1#1: getrlimit(RLIMIT_NOFILE): 1048576:1048576
2022/10/01 16:57:53 [notice] 1#1: start worker processes
2022/10/01 16:57:53 [notice] 1#1: start worker process 22
2022/10/01 16:57:53 [notice] 1#1: start worker process 23
2022/10/01 16:57:53 [notice] 1#1: start worker process 24
2022/10/01 16:57:53 [notice] 1#1: start worker process 25
2022/10/01 16:57:53 [notice] 1#1: start worker process 26
2022/10/01 16:57:53 [notice] 1#1: start worker process 27
2022/10/01 16:57:53 [notice] 1#1: start worker process 28
2022/10/01 16:57:53 [notice] 1#1: start worker process 29
2022/10/01 16:57:53 [notice] 1#1: start worker process 30
2022/10/01 16:57:53 [notice] 1#1: start worker process 31
2022/10/01 16:57:53 [notice] 1#1: start worker process 32
2022/10/01 16:57:53 [notice] 1#1: start worker process 33
2022/10/01 17:06:44 [notice] 1#1: signal 3 (SIGQUIT) received, shutting down
2022/10/01 17:06:44 [notice] 22#22: gracefully shutting down
2022/10/01 17:06:44 [notice] 23#23: gracefully shutting down
2022/10/01 17:06:44 [notice] 24#24: gracefully shutting down
2022/10/01 17:06:44 [notice] 22#22: exiting
2022/10/01 17:06:44 [notice] 25#25: gracefully shutting down
2022/10/01 17:06:44 [notice] 26#26: gracefully shutting down
2022/10/01 17:06:44 [notice] 23#23: exiting
2022/10/01 17:06:44 [notice] 29#29: gracefully shutting down
2022/10/01 17:06:44 [notice] 28#28: gracefully shutting down
2022/10/01 17:06:44 [notice] 27#27: gracefully shutting down
2022/10/01 17:06:44 [notice] 24#24: exiting
2022/10/01 17:06:44 [notice] 30#30: gracefully shutting down
2022/10/01 17:06:44 [notice] 31#31: gracefully shutting down
2022/10/01 17:06:44 [notice] 25#25: exiting
2022/10/01 17:06:44 [notice] 32#32: gracefully shutting down
2022/10/01 17:06:44 [notice] 33#33: gracefully shutting down
2022/10/01 17:06:44 [notice] 26#26: exiting
2022/10/01 17:06:44 [notice] 29#29: exiting
2022/10/01 17:06:44 [notice] 22#22: exit
2022/10/01 17:06:44 [notice] 28#28: exiting
2022/10/01 17:06:44 [notice] 27#27: exiting
2022/10/01 17:06:44 [notice] 23#23: exit
2022/10/01 17:06:44 [notice] 30#30: exiting
2022/10/01 17:06:44 [notice] 31#31: exiting
2022/10/01 17:06:44 [notice] 32#32: exiting
2022/10/01 17:06:44 [notice] 24#24: exit
2022/10/01 17:06:44 [notice] 25#25: exit
2022/10/01 17:06:44 [notice] 33#33: exiting
2022/10/01 17:06:44 [notice] 26#26: exit
2022/10/01 17:06:44 [notice] 29#29: exit
2022/10/01 17:06:44 [notice] 28#28: exit
2022/10/01 17:06:44 [notice] 27#27: exit
2022/10/01 17:06:44 [notice] 32#32: exit
2022/10/01 17:06:44 [notice] 31#31: exit
2022/10/01 17:06:44 [notice] 30#30: exit
2022/10/01 17:06:44 [notice] 33#33: exit
2022/10/01 17:06:44 [notice] 1#1: signal 17 (SIGCHLD) received from 29
2022/10/01 17:06:44 [notice] 1#1: worker process 29 exited with code 0
2022/10/01 17:06:44 [notice] 1#1: signal 29 (SIGIO) received
2022/10/01 17:06:44 [notice] 1#1: signal 17 (SIGCHLD) received from 30
2022/10/01 17:06:44 [notice] 1#1: worker process 30 exited with code 0
2022/10/01 17:06:44 [notice] 1#1: signal 29 (SIGIO) received
2022/10/01 17:06:44 [notice] 1#1: signal 17 (SIGCHLD) received from 28
2022/10/01 17:06:44 [notice] 1#1: worker process 28 exited with code 0
2022/10/01 17:06:44 [notice] 1#1: signal 29 (SIGIO) received
2022/10/01 17:06:44 [notice] 1#1: signal 17 (SIGCHLD) received from 32
2022/10/01 17:06:44 [notice] 1#1: worker process 31 exited with code 0
2022/10/01 17:06:44 [notice] 1#1: worker process 32 exited with code 0
2022/10/01 17:06:44 [notice] 1#1: signal 29 (SIGIO) received
2022/10/01 17:06:44 [notice] 1#1: signal 17 (SIGCHLD) received from 31
2022/10/01 17:06:44 [notice] 1#1: signal 17 (SIGCHLD) received from 23
2022/10/01 17:06:44 [notice] 1#1: worker process 23 exited with code 0
2022/10/01 17:06:44 [notice] 1#1: worker process 33 exited with code 0
2022/10/01 17:06:44 [notice] 1#1: signal 29 (SIGIO) received
2022/10/01 17:06:44 [notice] 1#1: signal 17 (SIGCHLD) received from 25
2022/10/01 17:06:44 [notice] 1#1: worker process 25 exited with code 0
2022/10/01 17:06:44 [notice] 1#1: signal 29 (SIGIO) received
2022/10/01 17:06:44 [notice] 1#1: signal 17 (SIGCHLD) received from 24
2022/10/01 17:06:44 [notice] 1#1: worker process 24 exited with code 0
2022/10/01 17:06:44 [notice] 1#1: signal 29 (SIGIO) received
2022/10/01 17:06:44 [notice] 1#1: signal 17 (SIGCHLD) received from 26
2022/10/01 17:06:44 [notice] 1#1: worker process 26 exited with code 0
2022/10/01 17:06:44 [notice] 1#1: signal 17 (SIGCHLD) received from 22
2022/10/01 17:06:44 [notice] 1#1: worker process 22 exited with code 0
2022/10/01 17:06:44 [notice] 1#1: worker process 27 exited with code 0
2022/10/01 17:06:44 [notice] 1#1: exit
2022/10/01 17:06:49 [notice] 1#1: using the "epoll" event method
2022/10/01 17:06:49 [notice] 1#1: nginx/1.23.1
2022/10/01 17:06:49 [notice] 1#1: built by gcc 10.2.1 20210110 (Debian 10.2.1-6) 
2022/10/01 17:06:49 [notice] 1#1: OS: Linux 5.15.0-48-generic
2022/10/01 17:06:49 [notice] 1#1: getrlimit(RLIMIT_NOFILE): 1048576:1048576
2022/10/01 17:06:49 [notice] 1#1: start worker processes
2022/10/01 17:06:49 [notice] 1#1: start worker process 21
2022/10/01 17:06:49 [notice] 1#1: start worker process 22
2022/10/01 17:06:49 [notice] 1#1: start worker process 23
2022/10/01 17:06:49 [notice] 1#1: start worker process 24
2022/10/01 17:06:49 [notice] 1#1: start worker process 25
2022/10/01 17:06:49 [notice] 1#1: start worker process 26
2022/10/01 17:06:49 [notice] 1#1: start worker process 27
2022/10/01 17:06:49 [notice] 1#1: start worker process 28
2022/10/01 17:06:49 [notice] 1#1: start worker process 29
2022/10/01 17:06:49 [notice] 1#1: start worker process 30
2022/10/01 17:06:49 [notice] 1#1: start worker process 31
2022/10/01 17:06:49 [notice] 1#1: start worker process 32
2022/10/01 17:06:51 [notice] 1#1: signal 3 (SIGQUIT) received, shutting down
2022/10/01 17:06:51 [notice] 21#21: gracefully shutting down
2022/10/01 17:06:51 [notice] 22#22: gracefully shutting down
2022/10/01 17:06:51 [notice] 25#25: gracefully shutting down
2022/10/01 17:06:51 [notice] 24#24: gracefully shutting down
2022/10/01 17:06:51 [notice] 26#26: gracefully shutting down
2022/10/01 17:06:51 [notice] 23#23: gracefully shutting down
2022/10/01 17:06:51 [notice] 21#21: exiting
2022/10/01 17:06:51 [notice] 27#27: gracefully shutting down
2022/10/01 17:06:51 [notice] 22#22: exiting
2022/10/01 17:06:51 [notice] 25#25: exiting
2022/10/01 17:06:51 [notice] 24#24: exiting
2022/10/01 17:06:51 [notice] 26#26: exiting
2022/10/01 17:06:51 [notice] 23#23: exiting
2022/10/01 17:06:51 [notice] 28#28: gracefully shutting down
2022/10/01 17:06:51 [notice] 27#27: exiting
2022/10/01 17:06:51 [notice] 28#28: exiting
2022/10/01 17:06:51 [notice] 30#30: gracefully shutting down
2022/10/01 17:06:51 [notice] 24#24: exit
2022/10/01 17:06:51 [notice] 21#21: exit
2022/10/01 17:06:51 [notice] 25#25: exit
2022/10/01 17:06:51 [notice] 22#22: exit
2022/10/01 17:06:51 [notice] 23#23: exit
2022/10/01 17:06:51 [notice] 26#26: exit
2022/10/01 17:06:51 [notice] 27#27: exit
2022/10/01 17:06:51 [notice] 30#30: exiting
2022/10/01 17:06:51 [notice] 28#28: exit
2022/10/01 17:06:51 [notice] 30#30: exit
2022/10/01 17:06:51 [notice] 31#31: gracefully shutting down
2022/10/01 17:06:51 [notice] 31#31: exiting
2022/10/01 17:06:51 [notice] 31#31: exit
2022/10/01 17:06:51 [notice] 29#29: gracefully shutting down
2022/10/01 17:06:51 [notice] 32#32: gracefully shutting down
2022/10/01 17:06:51 [notice] 29#29: exiting
2022/10/01 17:06:51 [notice] 32#32: exiting
2022/10/01 17:06:51 [notice] 29#29: exit
2022/10/01 17:06:51 [notice] 32#32: exit
2022/10/01 17:06:51 [notice] 1#1: signal 17 (SIGCHLD) received from 25
2022/10/01 17:06:51 [notice] 1#1: worker process 24 exited with code 0
2022/10/01 17:06:51 [notice] 1#1: worker process 25 exited with code 0
2022/10/01 17:06:51 [notice] 1#1: worker process 29 exited with code 0
2022/10/01 17:06:51 [notice] 1#1: signal 29 (SIGIO) received
2022/10/01 17:06:51 [notice] 1#1: signal 17 (SIGCHLD) received from 24
2022/10/01 17:06:51 [notice] 1#1: signal 17 (SIGCHLD) received from 31
2022/10/01 17:06:51 [notice] 1#1: worker process 31 exited with code 0
2022/10/01 17:06:51 [notice] 1#1: signal 29 (SIGIO) received
2022/10/01 17:06:51 [notice] 1#1: signal 17 (SIGCHLD) received from 22
2022/10/01 17:06:51 [notice] 1#1: worker process 22 exited with code 0
2022/10/01 17:06:51 [notice] 1#1: worker process 30 exited with code 0
2022/10/01 17:06:51 [notice] 1#1: worker process 27 exited with code 0
2022/10/01 17:06:51 [notice] 1#1: worker process 32 exited with code 0
2022/10/01 17:06:51 [notice] 1#1: signal 29 (SIGIO) received
2022/10/01 17:06:51 [notice] 1#1: signal 17 (SIGCHLD) received from 32
2022/10/01 17:06:51 [notice] 1#1: signal 17 (SIGCHLD) received from 21
2022/10/01 17:06:51 [notice] 1#1: worker process 21 exited with code 0
2022/10/01 17:06:51 [notice] 1#1: signal 29 (SIGIO) received
2022/10/01 17:06:51 [notice] 1#1: signal 17 (SIGCHLD) received from 26
2022/10/01 17:06:51 [notice] 1#1: worker process 26 exited with code 0
2022/10/01 17:06:51 [notice] 1#1: signal 29 (SIGIO) received
2022/10/01 17:06:51 [notice] 1#1: signal 17 (SIGCHLD) received from 23
2022/10/01 17:06:51 [notice] 1#1: worker process 23 exited with code 0
2022/10/01 17:06:51 [notice] 1#1: signal 29 (SIGIO) received
2022/10/01 17:06:51 [notice] 1#1: signal 17 (SIGCHLD) received from 28
2022/10/01 17:06:51 [notice] 1#1: worker process 28 exited with code 0
2022/10/01 17:06:51 [notice] 1#1: exit
2022/10/01 17:14:18 [notice] 1#1: using the "epoll" event method
2022/10/01 17:14:18 [notice] 1#1: nginx/1.23.1
2022/10/01 17:14:18 [notice] 1#1: built by gcc 10.2.1 20210110 (Debian 10.2.1-6) 
2022/10/01 17:14:18 [notice] 1#1: OS: Linux 5.15.0-48-generic
2022/10/01 17:14:18 [notice] 1#1: getrlimit(RLIMIT_NOFILE): 1048576:1048576
2022/10/01 17:14:18 [notice] 1#1: start worker processes
2022/10/01 17:14:18 [notice] 1#1: start worker process 22
2022/10/01 17:14:18 [notice] 1#1: start worker process 23
2022/10/01 17:14:18 [notice] 1#1: start worker process 24
2022/10/01 17:14:18 [notice] 1#1: start worker process 25
2022/10/01 17:14:18 [notice] 1#1: start worker process 26
2022/10/01 17:14:18 [notice] 1#1: start worker process 27
2022/10/01 17:14:18 [notice] 1#1: start worker process 28
2022/10/01 17:14:18 [notice] 1#1: start worker process 29
2022/10/01 17:14:18 [notice] 1#1: start worker process 30
2022/10/01 17:14:18 [notice] 1#1: start worker process 31
2022/10/01 17:14:18 [notice] 1#1: start worker process 32
2022/10/01 17:14:18 [notice] 1#1: start worker process 33
